#ifndef __FLOW_H__

#define __FLOW_H__

#define TC_ACT_OK 0

#define TC_ACT_SHOT 2

#define IP_MAX_LEN 16
typedef __u8 u8;
typedef __u16 u16;
typedef __u32 u32;
typedef __u64 u64;

<struct>
typedef struct flow_metrics_t {
    u32 packets;
    u64 bytes;
    u64 start_mono_time_ts;
    u64 end_mono_time_ts;
    u16 flags;
    u8 errno;
}  __attribute__ ((packed)) flow_metrics;

</struct>

<struct>
typedef struct flow_id_t {
    u16 eth_protocol;
    u8 direction;
    u8 src_mac [ETH_ALEN];
    u8 dst_mac [ETH_ALEN];
    struct in6_addr src_ip;
    struct in6_addr dst_ip;
    u16 src_port;
    u16 dst_port;
    u8 transport_protocol;
    u32 if_index;
}  __attribute__ ((packed)) flow_id;

</struct>

<struct>
typedef struct flow_record_t {
    flow_id id;
    flow_metrics metrics;
}  __attribute__ ((packed)) flow_record;

</struct>

#endif
